<?xml version="1.0" encoding="UTF-8"?>
<testsuite name="CarSharingTest" tests="1" skipped="0" failures="0" errors="0" timestamp="2023-08-06T13:09:32" hostname="MBP-Beata.int.black-cat.tech" time="1.003">
  <properties/>
  <testcase name="start" classname="CarSharingTest" time="1.003"/>
  <system-out><![CDATA[?[1;31m
Start test 1?[0m
carsharing
?[1;31m
Start test 2?[0m
carsharing
?[1;31m
Start test 3?[0m
?[1;31m
Start test 4?[0m
?[1;31m
Start test 5?[0m
]]></system-out>
  <system-err><![CDATA[]]></system-err>
</testsuite>
